logging started
loading stoplist from /Users/cedricviaccoz/geoparsepy-1.0.4/geoparsepy/corpus-geo-stoplist-en.txt
loading stoplist from /Users/cedricviaccoz/geoparsepy-1.0.4/geoparsepy/corpus-geo-stoplist-fr.txt
loading stoplist from /Users/cedricviaccoz/geoparsepy-1.0.4/geoparsepy/corpus-geo-stoplist-it.txt
loading whitelist from /Users/cedricviaccoz/geoparsepy-1.0.4/geoparsepy/corpus-geo-whitelist.txt
loading building types from /Users/cedricviaccoz/geoparsepy-1.0.4/geoparsepy/corpus-buildingtype-en.txt
loading location type corpus /Users/cedricviaccoz/geoparsepy-1.0.4/geoparsepy/corpus-buildingtype-en.txt
- 3 unique titles
- 74 unique types
loading street types from /Users/cedricviaccoz/geoparsepy-1.0.4/geoparsepy/corpus-streettype-en.txt
loading location type corpus /Users/cedricviaccoz/geoparsepy-1.0.4/geoparsepy/corpus-streettype-en.txt
- 15 unique titles
- 32 unique types
loading admin types from /Users/cedricviaccoz/geoparsepy-1.0.4/geoparsepy/corpus-admintype-en.txt
loading location type corpus /Users/cedricviaccoz/geoparsepy-1.0.4/geoparsepy/corpus-admintype-en.txt
- 14 unique titles
- 0 unique types
loading building types from /Users/cedricviaccoz/geoparsepy-1.0.4/geoparsepy/corpus-buildingtype-fr.txt
loading location type corpus /Users/cedricviaccoz/geoparsepy-1.0.4/geoparsepy/corpus-buildingtype-fr.txt
- 8 unique titles
- 54 unique types
loading street types from /Users/cedricviaccoz/geoparsepy-1.0.4/geoparsepy/corpus-streettype-fr.txt
loading location type corpus /Users/cedricviaccoz/geoparsepy-1.0.4/geoparsepy/corpus-streettype-fr.txt
- 15 unique titles
- 20 unique types
loading admin types from /Users/cedricviaccoz/geoparsepy-1.0.4/geoparsepy/corpus-admintype-fr.txt
loading location type corpus /Users/cedricviaccoz/geoparsepy-1.0.4/geoparsepy/corpus-admintype-fr.txt
- 15 unique titles
- 0 unique types
loading building types from /Users/cedricviaccoz/geoparsepy-1.0.4/geoparsepy/corpus-buildingtype-it.txt
loading location type corpus /Users/cedricviaccoz/geoparsepy-1.0.4/geoparsepy/corpus-buildingtype-it.txt
- 0 unique titles
- 61 unique types
loading street types from /Users/cedricviaccoz/geoparsepy-1.0.4/geoparsepy/corpus-streettype-it.txt
loading location type corpus /Users/cedricviaccoz/geoparsepy-1.0.4/geoparsepy/corpus-streettype-it.txt
- 10 unique titles
- 14 unique types
loading admin types from /Users/cedricviaccoz/geoparsepy-1.0.4/geoparsepy/corpus-admintype-it.txt
loading location type corpus /Users/cedricviaccoz/geoparsepy-1.0.4/geoparsepy/corpus-admintype-it.txt
- 10 unique titles
- 0 unique types
loading gazeteer from /Users/cedricviaccoz/geoparsepy-1.0.4/geoparsepy/gazeteer-en.txt
caching locations : {'north_america_places_admin': [-1, -1], 'global_cities10_line': [-1, -1], 'au_nz_places_line': [-1, -1], 'north_america_places_poly': [-1, -1], 'europe_places_line': [-1, -1], 'au_nz_places_poly': [-1, -1], 'europe_places_point': [-1, -1], 'au_nz_places_admin': [-1, -1], 'global_cities10_admin': [-1, -1], 'global_cities10_poly': [-1, -1], 'europe_places_poly': [-1, -1], 'north_america_places_point': [-1, -1], 'global_cities10_point': [-1, -1], 'au_nz_places_point': [-1, -1], 'europe_places_admin': [-1, -1], 'north_america_places_line': [-1, -1]}
number of cached locations = 835463
number of indexed phrases = 1046451
number of indexed geoms = 739424
Reverse geocoded geotag location [index 1195 osmid (253067120L,)] = Bassett
Text = hello New York, USA its Bill from Bassett calling
Location [index 12538 osmid (29457403L,) @ 1 : 2] = new york
Location [index 796937 osmid (151937435L,) @ 1 : 2] = new york
Location [index 760932 osmid (194653116L,) @ 1 : 2] = new york
Location [index 796939 osmid (316976734L,) @ 1 : 2] = new york
Location [index 690448 osmid (-175905L,) @ 1 : 2] = new york
Location [index 12539 osmid (2218262347L,) @ 1 : 2] = new york
Location [index 796936 osmid (61785451L,) @ 1 : 2] = new york
Location [index 725547 osmid (-61320L,) @ 1 : 2] = new york
Location [index 796938 osmid (316976731L,) @ 1 : 2] = new york
Location [index 811876 osmid (153874837L,) @ 2 : 2] = york
Location [index 811875 osmid (153595296L,) @ 2 : 2] = york
Location [index 811884 osmid (2679399985L,) @ 2 : 2] = york
Location [index 681362 osmid (-194079L,) @ 2 : 2] = york
Location [index 833665 osmid (277660085L,) @ 2 : 2] = york
Location [index 811879 osmid (158656063L,) @ 2 : 2] = york
Location [index 827060 osmid (558610609L,) @ 2 : 2] = york
Location [index 811874 osmid (153473841L,) @ 2 : 2] = york
Location [index 811870 osmid (32965173L,) @ 2 : 2] = york
Location [index 811878 osmid (153968758L,) @ 2 : 2] = york
Location [index 19852 osmid (20913294L,) @ 2 : 2] = york
Location [index 452793 osmid (-2989336L,) @ 2 : 2] = york
Location [index 683282 osmid (-187708L,) @ 2 : 2] = york
Location [index 811873 osmid (151672942L,) @ 2 : 2] = york
Location [index 811871 osmid (151528825L,) @ 2 : 2] = york
Location [index 703295 osmid (-134353L,) @ 2 : 2] = york
Location [index 811880 osmid (316961845L,) @ 2 : 2] = york
Location [index 579473 osmid (-1425436L,) @ 2 : 2] = york
Location [index 686856 osmid (-181595L,) @ 2 : 2] = york
Location [index 811882 osmid (316990182L,) @ 2 : 2] = york
Location [index 811872 osmid (151651405L,) @ 2 : 2] = york
Location [index 692283 osmid (-169714L,) @ 2 : 2] = york
Location [index 503490 osmid (-2020262L,) @ 2 : 2] = york
Location [index 811883 osmid (317004584L,) @ 2 : 2] = york
Location [index 811881 osmid (316971358L,) @ 2 : 2] = york
Location [index 827061 osmid (2100764265L,) @ 2 : 2] = york
Location [index 811877 osmid (153924230L,) @ 2 : 2] = york
Location [index 697131 osmid (-148838L,) @ 4 : 4] = usa
Location [index 706695 osmid (-128966L,) @ 8 : 8] = bassett
Location [index 772411 osmid (151463868L,) @ 8 : 8] = bassett
Location [index 704193 osmid (-130057L,) @ 8 : 8] = bassett
Location [index 691948 osmid (-169699L,) @ 8 : 8] = bassett
Location [index 772412 osmid (151840681L,) @ 8 : 8] = bassett
Location [index 1195 osmid (253067120L,) @ 8 : 8] = bassett
Location [index 679633 osmid (-206768L,) @ 8 : 8] = bassett
Disambiguated Location [index 0 osmid (-61320L,) @ 1 : 2] = New York;NY : http://www.openstreetmap.org/relation/61320
Disambiguated Location [index 2 osmid (-148838L,) @ 4 : 4] = United States of America;États-Unis d'Amérique;Stati Uniti d'America;US;USA;United States : http://www.openstreetmap.org/relation/148838
Disambiguated Location [index 7 osmid (253067120L,) @ 8 : 8] = Bassett : http://www.openstreetmap.org/node/253067120
Text = live on the BBC Victoria Derbyshire is visiting Derbyshire for an exclusive UK interview
Location [index 493798 osmid (-2221062L,) @ 4 : 4] = victoria
Location [index 18173 osmid (525249184L,) @ 4 : 4] = victoria
Location [index 489003 osmid (-2316741L,) @ 4 : 4] = victoria
Location [index 833049 osmid (304951009L,) @ 4 : 4] = victoria
Location [index 679454 osmid (-206978L,) @ 4 : 4] = victoria
Location [index 833050 osmid (1665757476L,) @ 4 : 4] = victoria
Location [index 329556 osmid (385402175L,) @ 4 : 4] = victoria
Location [index 809065 osmid (158651084L,) @ 4 : 4] = victoria
Location [index 559694 osmid (-1766981L,) @ 4 : 4] = victoria
Location [index 809061 osmid (151336948L,) @ 4 : 4] = victoria
Location [index 826281 osmid (1748028954L,) @ 4 : 4] = victoria
Location [index 702277 osmid (-136586L,) @ 4 : 4] = victoria
Location [index 633532 osmid (-407423L,) @ 4 : 4] = victoria
Location [index 461183 osmid (-2830104L,) @ 4 : 4] = victoria
Location [index 705441 osmid (-130288L,) @ 4 : 4] = victoria
Location [index 329561 osmid (463188523L,) @ 4 : 4] = victoria
Location [index 747737 osmid (74701108L,) @ 4 : 4] = victoria
Location [index 329558 osmid (447925715L,) @ 4 : 4] = victoria
Location [index 329557 osmid (435240340L,) @ 4 : 4] = victoria
Location [index 18174 osmid (2288030394L,) @ 4 : 4] = victoria
Location [index 330551 osmid (277608416L,) @ 4 : 4] = victoria
Location [index 826279 osmid (30189922L,) @ 4 : 4] = victoria
Location [index 491838 osmid (-2256643L,) @ 4 : 4] = victoria
Location [index 565984 osmid (-1558338L,) @ 4 : 4] = victoria
Location [index 809062 osmid (151395812L,) @ 4 : 4] = victoria
Location [index 826280 osmid (475349067L,) @ 4 : 4] = victoria
Location [index 709612 osmid (-125644L,) @ 4 : 4] = victoria
Location [index 809064 osmid (151521359L,) @ 4 : 4] = victoria
Location [index 329560 osmid (462241727L,) @ 4 : 4] = victoria
Location [index 751340 osmid (75538688L,) @ 4 : 4] = victoria
Location [index 428839 osmid (-3442623L,) @ 4 : 4] = victoria
Location [index 329559 osmid (460070685L,) @ 4 : 4] = victoria
Location [index 809063 osmid (151476805L,) @ 4 : 4] = victoria
Location [index 558410 osmid (-1788821L,) @ 4 : 4] = victoria
Location [index 555887 osmid (-1828436L,) @ 4 : 4] = victoria
Location [index 809066 osmid (316998228L,) @ 4 : 4] = victoria
Location [index 680709 osmid (-195384L,) @ 8 : 8] = derbyshire
Location [index 5003 osmid (302323945L,) @ 8 : 8] = derbyshire
Location [index 725528 osmid (-62149L,) @ 12 : 12] = uk
Disambiguated Location [index 0 osmid (-195384L,) @ 8 : 8] = Derbyshire : http://www.openstreetmap.org/relation/195384
Disambiguated Location [index 1 osmid (-62149L,) @ 12 : 12] = United Kingdom;Royaume-Uni;Regno Unito;GB;GBR : http://www.openstreetmap.org/relation/62149
Text = Hello, this is bill, your friendly neighbor
Text = Paris is a nice city
Location [index 569689 osmid (-1641193L,) @ 0 : 0] = paris
Location [index 47730 osmid (17807753L,) @ 0 : 0] = paris
Location [index 798945 osmid (105715620L,) @ 0 : 0] = paris
Location [index 798956 osmid (158296039L,) @ 0 : 0] = paris
Location [index 700120 osmid (-140787L,) @ 0 : 0] = paris
Location [index 798952 osmid (153757839L,) @ 0 : 0] = paris
Location [index 798955 osmid (154297143L,) @ 0 : 0] = paris
Location [index 798950 osmid (153467139L,) @ 0 : 0] = paris
Location [index 798957 osmid (158824862L,) @ 0 : 0] = paris
Location [index 711409 osmid (-121447L,) @ 0 : 0] = paris
Location [index 729908 osmid (-7444L,) @ 0 : 0] = paris
Location [index 798948 osmid (151475961L,) @ 0 : 0] = paris
Location [index 798954 osmid (154204180L,) @ 0 : 0] = paris
Location [index 798953 osmid (153981397L,) @ 0 : 0] = paris
Location [index 334267 osmid (337692283L,) @ 0 : 0] = paris
Location [index 798951 osmid (153536155L,) @ 0 : 0] = paris
Location [index 680521 osmid (-197171L,) @ 0 : 0] = paris
Location [index 798946 osmid (150980440L,) @ 0 : 0] = paris
Location [index 798949 osmid (151905305L,) @ 0 : 0] = paris
Location [index 267969 osmid (334371791L,) @ 0 : 0] = paris
Location [index 724513 osmid (-71525L,) @ 0 : 0] = paris
Location [index 47731 osmid (986924508L,) @ 0 : 0] = paris
Location [index 705077 osmid (-130722L,) @ 0 : 0] = paris
Location [index 822125 osmid (257763716L,) @ 0 : 0] = paris
Location [index 709030 osmid (-126166L,) @ 0 : 0] = paris
Text = Hello I'm a pulse, it's friday morning
Location [index 504496 osmid (-1997289L,) @ 1 : 1] = im
Location [index 725522 osmid (-62269L,) @ 1 : 1] = im
Location [index 723023 osmid (-77101L,) @ 1 : 1] = im
Location [index 732947 osmid (-42628L,) @ 1 : 1] = im
Text = DHstudents went to Venice.
Location [index 710925 osmid (-122953L,) @ 3 : 3] = venice
Location [index 808954 osmid (151612770L,) @ 3 : 3] = venice
Location [index 713516 osmid (-117980L,) @ 3 : 3] = venice
Location [index 153598 osmid (64778090L,) @ 3 : 3] = venice
Location [index 808953 osmid (26427725L,) @ 3 : 3] = venice
Location [index 826250 osmid (51969358L,) @ 3 : 3] = venice
Location [index 808955 osmid (154399353L,) @ 3 : 3] = venice
Disambiguated Location [index 0 osmid (-117980L,) @ 3 : 3] = Venice : http://www.openstreetmap.org/relation/117980
Text = DHstudents went to Yorkshire.
Location [index 690529 osmid (-175817L,) @ 3 : 3] = yorkshire
Location [index 685715 osmid (-183334L,) @ 3 : 3] = yorkshire
Location [index 811896 osmid (157556179L,) @ 3 : 3] = yorkshire
Location [index 679716 osmid (-206610L,) @ 3 : 3] = yorkshire
Location [index 811895 osmid (153957238L,) @ 3 : 3] = yorkshire
Disambiguated Location [index 0 osmid (-206610L,) @ 3 : 3] = Yorkshire : http://www.openstreetmap.org/relation/206610
Text = DHstudents went to Johannesburg.
Text = Ernst JUnger était écrivain allemand en 1998 #ErnstJUnger #écrivainallemand #JDG1998-02-21
Location [index 585405 osmid (-1259309L,) @ 0 : 0] = ernst
Location [index 97190 osmid (240032265L,) @ 0 : 0] = ernst
Text = Jean Rouaud était écrivain en 1998 #JeanRouaud #écrivain #JDG1998-02-21
Location [index 789273 osmid (150960630L,) @ 0 : 0] = jean
Location [index 789272 osmid (31552217L,) @ 0 : 0] = jean
Disambiguated Location [index 0 osmid (150960630L,) @ 0 : 0] = Jean : http://www.openstreetmap.org/node/150960630
Disambiguated Location [index 1 osmid (31552217L,) @ 0 : 0] = Jean : http://www.openstreetmap.org/node/31552217
Text = Madeleine Santschi était écrivain suisse en 1998 #MadeleineSantschi #écrivainsuisse #JDG1998-02-26
Location [index 42632 osmid (371857543L,) @ 0 : 0] = madeleine
Location [index 497646 osmid (-2188826L,) @ 0 : 0] = madeleine
Location [index 547419 osmid (-1952526L,) @ 4 : 4] = suisse
Location [index 57451 osmid (287938469L,) @ 4 : 4] = suisse
Location [index 157551 osmid (1504546320L,) @ 4 : 4] = suisse
Location [index 727105 osmid (-51701L,) @ 4 : 4] = suisse
Text = La Suisse est un pays formidable
Location [index 547419 osmid (-1952526L,) @ 1 : 1] = suisse
Location [index 57451 osmid (287938469L,) @ 1 : 1] = suisse
Location [index 157551 osmid (1504546320L,) @ 1 : 1] = suisse
Location [index 727105 osmid (-51701L,) @ 1 : 1] = suisse
Text = La suisse est un pays formidable
Location [index 547419 osmid (-1952526L,) @ 1 : 1] = suisse
Location [index 57451 osmid (287938469L,) @ 1 : 1] = suisse
Location [index 157551 osmid (1504546320L,) @ 1 : 1] = suisse
Location [index 727105 osmid (-51701L,) @ 1 : 1] = suisse
Text = Pesaro (http://it.wikipedia.org/wiki/Pesaro) is present in book 'Piety and patronage in Renaissance Venice : Bellini, Titian and the Franciscans' by Goffen, Rona at page 3.
Location [index 732834 osmid (-42672L,) @ 0 : 0] = pesaro
Location [index 147599 osmid (266513166L,) @ 0 : 0] = pesaro
Location [index 50205 osmid (1866125148L,) @ 10 : 10] = renaissance
Location [index 710925 osmid (-122953L,) @ 11 : 11] = venice
Location [index 808954 osmid (151612770L,) @ 11 : 11] = venice
Location [index 713516 osmid (-117980L,) @ 11 : 11] = venice
Location [index 153598 osmid (64778090L,) @ 11 : 11] = venice
Location [index 808953 osmid (26427725L,) @ 11 : 11] = venice
Location [index 826250 osmid (51969358L,) @ 11 : 11] = venice
Location [index 808955 osmid (154399353L,) @ 11 : 11] = venice
Location [index 157385 osmid (208794439L,) @ 22 : 22] = rona
Location [index 326519 osmid (463184453L,) @ 22 : 22] = rona
Location [index 14758 osmid (253433264L,) @ 22 : 22] = rona
Disambiguated Location [index 0 osmid (-117980L,) @ 11 : 11] = Venice : http://www.openstreetmap.org/relation/117980
Disambiguated Location [index 2 osmid (253433264L,) @ 22 : 22] = Rona : http://www.openstreetmap.org/node/253433264
logging started
loading stoplist from /Users/cedricviaccoz/cliowire-bots/geoparsepy-1/geoparsepy/corpus-geo-stoplist-en.txt
loading whitelist from /Users/cedricviaccoz/cliowire-bots/geoparsepy-1/geoparsepy/corpus-geo-whitelist.txt
loading building types from /Users/cedricviaccoz/cliowire-bots/geoparsepy-1/geoparsepy/corpus-buildingtype-en.txt
loading location type corpus /Users/cedricviaccoz/cliowire-bots/geoparsepy-1/geoparsepy/corpus-buildingtype-en.txt
- 3 unique titles
- 74 unique types
loading street types from /Users/cedricviaccoz/cliowire-bots/geoparsepy-1/geoparsepy/corpus-streettype-en.txt
loading location type corpus /Users/cedricviaccoz/cliowire-bots/geoparsepy-1/geoparsepy/corpus-streettype-en.txt
- 15 unique titles
- 32 unique types
loading admin types from /Users/cedricviaccoz/cliowire-bots/geoparsepy-1/geoparsepy/corpus-admintype-en.txt
loading location type corpus /Users/cedricviaccoz/cliowire-bots/geoparsepy-1/geoparsepy/corpus-admintype-en.txt
- 14 unique titles
- 0 unique types
loading gazeteer from /Users/cedricviaccoz/cliowire-bots/geoparsepy-1/geoparsepy/gazeteer-en.txt
caching locations : {'europe_places_poly': [-1, -1], 'europe_places_point': [-1, -1], 'europe_places_line': [-1, -1], 'europe_places_admin': [-1, -1]}
number of cached locations = 424018
number of indexed phrases = 732428
number of indexed geoms = 423638
Text = hello New York, USA its Bill from Bassett calling
Location [index 12539 osmid (2218262347L,) @ 1 : 2] = new york
Location [index 12538 osmid (29457403L,) @ 1 : 2] = new york
Location [index 19852 osmid (20913294L,) @ 2 : 2] = york
Location [index 1195 osmid (253067120L,) @ 8 : 8] = bassett
Disambiguated Location [index 0 osmid (2218262347L,) @ 1 : 2] = New York : http://www.openstreetmap.org/node/2218262347
Disambiguated Location [index 1 osmid (29457403L,) @ 1 : 2] = New York : http://www.openstreetmap.org/node/29457403
Disambiguated Location [index 2 osmid (253067120L,) @ 8 : 8] = Bassett : http://www.openstreetmap.org/node/253067120
Text = live on the BBC Victoria Derbyshire is visiting Derbyshire for an exclusive UK interview
Location [index 18174 osmid (2288030394L,) @ 4 : 4] = victoria
Location [index 18173 osmid (525249184L,) @ 4 : 4] = victoria
Location [index 329559 osmid (460070685L,) @ 4 : 4] = victoria
Location [index 329556 osmid (385402175L,) @ 4 : 4] = victoria
Location [index 330551 osmid (277608416L,) @ 4 : 4] = victoria
Location [index 329561 osmid (463188523L,) @ 4 : 4] = victoria
Location [index 329560 osmid (462241727L,) @ 4 : 4] = victoria
Location [index 329558 osmid (447925715L,) @ 4 : 4] = victoria
Location [index 329557 osmid (435240340L,) @ 4 : 4] = victoria
Location [index 5003 osmid (302323945L,) @ 8 : 8] = derbyshire
Disambiguated Location [index 0 osmid (2288030394L,) @ 4 : 4] = Victoria : http://www.openstreetmap.org/node/2288030394
Disambiguated Location [index 1 osmid (525249184L,) @ 4 : 4] = Victoria : http://www.openstreetmap.org/node/525249184
Disambiguated Location [index 2 osmid (302323945L,) @ 8 : 8] = Derbyshire : http://www.openstreetmap.org/node/302323945
Text = Hello, this is bill, your friendly neighbor
Text = Paris is a nice city
Location [index 334267 osmid (337692283L,) @ 0 : 0] = paris
Location [index 47730 osmid (17807753L,) @ 0 : 0] = paris
Location [index 47731 osmid (986924508L,) @ 0 : 0] = paris
Text = Hello I am a pulse, it is friday morning
Text = DHstudents went to Venice.
Location [index 153598 osmid (64778090L,) @ 3 : 3] = venice
Text = DHstudents went to Yorkshire.
Text = DHstudents went to Johannesburg.
Text = Ernst JUnger était écrivain allemand en 1998 #ErnstJUnger #écrivainallemand #JDG1998-02-21
Location [index 97190 osmid (240032265L,) @ 0 : 0] = ernst
Text = Jean Rouaud était écrivain en 1998 #JeanRouaud #écrivain #JDG1998-02-21
Text = Madeleine Santschi était écrivain suisse en 1998 #MadeleineSantschi #écrivainsuisse #JDG1998-02-26
Location [index 42632 osmid (371857543L,) @ 0 : 0] = madeleine
Location [index 57451 osmid (287938469L,) @ 4 : 4] = suisse
Text = La Suisse est un pays formidable
Text = La suisse est un pays formidable
Text = Rapsi was mentionned living in Roma
Location [index 326486 osmid (385056116L,) @ 5 : 5] = roma
Location [index 161307 osmid (434531430L,) @ 5 : 5] = roma
Location [index 161306 osmid (434531640L,) @ 5 : 5] = roma
Location [index 72844 osmid (427089646L,) @ 5 : 5] = roma
Location [index 149540 osmid (72959652L,) @ 5 : 5] = roma
Text = At Geneva lives great People
Location [index 155713 osmid (33622904L,) @ 1 : 1] = geneva
Text = Sofia is the capital of Bulgary
Location [index 330342 osmid (277635079L,) @ 0 : 0] = sofia
Location [index 371054 osmid (1700083447L,) @ 0 : 0] = sofia
Location [index 330343 osmid (283556310L,) @ 0 : 0] = sofia
Text = Athena is close to the Adriatic sea
Text = Ancona is close to the Adriatic sea
Location [index 137632 osmid (70978800L,) @ 0 : 0] = ancona
Text = Sion is a city in Valais
Location [index 57008 osmid (1705476041L,) @ 0 : 0] = sion
Location [index 58966 osmid (1298562224L,) @ 5 : 5] = valais
Text = I would like to recolt some signature for apocalypse
Text = 13 ways of going to Bern
Location [index 154760 osmid (18477455L,) @ 5 : 5] = bern
Text = London is the capital citiy for britannic people
Location [index 10878 osmid (107775L,) @ 0 : 0] = london
Location [index 292452 osmid (2407371105L,) @ 0 : 0] = london
Disambiguated Location [index 0 osmid (107775L,) @ 0 : 0] = London : http://www.openstreetmap.org/node/107775
Text = Paris, France, is a nice city
Location [index 334267 osmid (337692283L,) @ 0 : 0] = paris
Location [index 47730 osmid (17807753L,) @ 0 : 0] = paris
Location [index 47731 osmid (986924508L,) @ 0 : 0] = paris
Location [index 32685 osmid (1363947712L,) @ 2 : 2] = france
Text = Nice is a boarding city of meditteranean sea
Text = Rome has many colliseum
Location [index 85586 osmid (43858202L,) @ 0 : 0] = rome
Location [index 149540 osmid (72959652L,) @ 0 : 0] = rome
Text = Extreme perturbation are at Padua
Location [index 147189 osmid (406747508L,) @ 4 : 4] = padua
Text = Reykjavik holds the summer festival
Text = Some people lives in Amsterdam
Location [index 82871 osmid (268396336L,) @ 4 : 4] = amsterdam
Text = I would like to go to Bremes
Text = Dresden is located north of Germany
Location [index 95302 osmid (240076989L,) @ 0 : 0] = dresden
Location [index 94377 osmid (1683325355L,) @ 5 : 5] = germany
Text = Pesaro (http://it.wikipedia.org/wiki/Pesaro) is present in book 'Piety and patronage in Renaissance Venice : Bellini, Titian and the Franciscans' by Goffen, Rona at page 3.
Location [index 147599 osmid (266513166L,) @ 0 : 0] = pesaro
Location [index 50205 osmid (1866125148L,) @ 10 : 10] = renaissance
Location [index 153598 osmid (64778090L,) @ 11 : 11] = venice
Location [index 157385 osmid (208794439L,) @ 22 : 22] = rona
Location [index 326519 osmid (463184453L,) @ 22 : 22] = rona
Location [index 14758 osmid (253433264L,) @ 22 : 22] = rona
Disambiguated Location [index 0 osmid (253433264L,) @ 22 : 22] = Rona : http://www.openstreetmap.org/node/253433264
