logging started
loading stoplist from /Users/cedricviaccoz/cliowire-bots/geoparsepy-1/geoparsepy/corpus-geo-stoplist-en.txt
loading whitelist from /Users/cedricviaccoz/cliowire-bots/geoparsepy-1/geoparsepy/corpus-geo-whitelist.txt
loading building types from /Users/cedricviaccoz/cliowire-bots/geoparsepy-1/geoparsepy/corpus-buildingtype-en.txt
loading location type corpus /Users/cedricviaccoz/cliowire-bots/geoparsepy-1/geoparsepy/corpus-buildingtype-en.txt
- 3 unique titles
- 74 unique types
loading street types from /Users/cedricviaccoz/cliowire-bots/geoparsepy-1/geoparsepy/corpus-streettype-en.txt
loading location type corpus /Users/cedricviaccoz/cliowire-bots/geoparsepy-1/geoparsepy/corpus-streettype-en.txt
- 15 unique titles
- 32 unique types
loading admin types from /Users/cedricviaccoz/cliowire-bots/geoparsepy-1/geoparsepy/corpus-admintype-en.txt
loading location type corpus /Users/cedricviaccoz/cliowire-bots/geoparsepy-1/geoparsepy/corpus-admintype-en.txt
- 14 unique titles
- 0 unique types
loading gazeteer from /Users/cedricviaccoz/cliowire-bots/geoparsepy-1/geoparsepy/gazeteer-en.txt
caching locations : {'global_cities10_line': [-1, -1], 'europe_places_line': [-1, -1], 'europe_places_point': [-1, -1], 'global_cities10_admin': [-1, -1], 'global_cities10_poly': [-1, -1], 'europe_places_poly': [-1, -1], 'global_cities10_point': [-1, -1], 'europe_places_admin': [-1, -1]}
number of cached locations = 770511
number of indexed phrases = 989824
number of indexed geoms = 674475
Reverse geocoded geotag location [index 492216 osmid (-2259954L,)] = Cité
Text = hello New York, USA its Bill from Bassett calling
Location [index 690448 osmid (-175905L,) @ 1 : 2] = new york
Location [index 12539 osmid (2218262347L,) @ 1 : 2] = new york
Location [index 725547 osmid (-61320L,) @ 1 : 2] = new york
Location [index 12538 osmid (29457403L,) @ 1 : 2] = new york
Location [index 760932 osmid (194653116L,) @ 1 : 2] = new york
Location [index 703295 osmid (-134353L,) @ 2 : 2] = york
Location [index 503490 osmid (-2020262L,) @ 2 : 2] = york
Location [index 681362 osmid (-194079L,) @ 2 : 2] = york
Location [index 452793 osmid (-2989336L,) @ 2 : 2] = york
Location [index 683282 osmid (-187708L,) @ 2 : 2] = york
Location [index 686856 osmid (-181595L,) @ 2 : 2] = york
Location [index 579473 osmid (-1425436L,) @ 2 : 2] = york
Location [index 692283 osmid (-169714L,) @ 2 : 2] = york
Location [index 19852 osmid (20913294L,) @ 2 : 2] = york
Location [index 697131 osmid (-148838L,) @ 4 : 4] = usa
Location [index 679633 osmid (-206768L,) @ 8 : 8] = bassett
Location [index 704193 osmid (-130057L,) @ 8 : 8] = bassett
Location [index 691948 osmid (-169699L,) @ 8 : 8] = bassett
Location [index 1195 osmid (253067120L,) @ 8 : 8] = bassett
Location [index 706695 osmid (-128966L,) @ 8 : 8] = bassett
Disambiguated Location [index 0 osmid (-61320L,) @ 1 : 2] = New York;NY : http://www.openstreetmap.org/relation/61320
Disambiguated Location [index 2 osmid (-148838L,) @ 4 : 4] = United States of America;US;USA;United States : http://www.openstreetmap.org/relation/148838
Disambiguated Location [index 7 osmid (-206768L,) @ 8 : 8] = Bassett : http://www.openstreetmap.org/relation/206768
Disambiguated Location [index 8 osmid (-169699L,) @ 8 : 8] = Bassett : http://www.openstreetmap.org/relation/169699
Disambiguated Location [index 9 osmid (-128966L,) @ 8 : 8] = Bassett : http://www.openstreetmap.org/relation/128966
Text = live on the BBC Victoria Derbyshire is visiting Derbyshire for an exclusive UK interview
Location [index 493798 osmid (-2221062L,) @ 4 : 4] = victoria
Location [index 18173 osmid (525249184L,) @ 4 : 4] = victoria
Location [index 489003 osmid (-2316741L,) @ 4 : 4] = victoria
Location [index 679454 osmid (-206978L,) @ 4 : 4] = victoria
Location [index 329556 osmid (385402175L,) @ 4 : 4] = victoria
Location [index 559694 osmid (-1766981L,) @ 4 : 4] = victoria
Location [index 702277 osmid (-136586L,) @ 4 : 4] = victoria
Location [index 633532 osmid (-407423L,) @ 4 : 4] = victoria
Location [index 461183 osmid (-2830104L,) @ 4 : 4] = victoria
Location [index 705441 osmid (-130288L,) @ 4 : 4] = victoria
Location [index 329561 osmid (463188523L,) @ 4 : 4] = victoria
Location [index 747737 osmid (74701108L,) @ 4 : 4] = victoria
Location [index 329558 osmid (447925715L,) @ 4 : 4] = victoria
Location [index 329557 osmid (435240340L,) @ 4 : 4] = victoria
Location [index 18174 osmid (2288030394L,) @ 4 : 4] = victoria
Location [index 330551 osmid (277608416L,) @ 4 : 4] = victoria
Location [index 491838 osmid (-2256643L,) @ 4 : 4] = victoria
Location [index 565984 osmid (-1558338L,) @ 4 : 4] = victoria
Location [index 709612 osmid (-125644L,) @ 4 : 4] = victoria
Location [index 329560 osmid (462241727L,) @ 4 : 4] = victoria
Location [index 751340 osmid (75538688L,) @ 4 : 4] = victoria
Location [index 428839 osmid (-3442623L,) @ 4 : 4] = victoria
Location [index 329559 osmid (460070685L,) @ 4 : 4] = victoria
Location [index 558410 osmid (-1788821L,) @ 4 : 4] = victoria
Location [index 555887 osmid (-1828436L,) @ 4 : 4] = victoria
Location [index 680709 osmid (-195384L,) @ 8 : 8] = derbyshire
Location [index 5003 osmid (302323945L,) @ 8 : 8] = derbyshire
Location [index 725528 osmid (-62149L,) @ 12 : 12] = uk
Disambiguated Location [index 0 osmid (-195384L,) @ 8 : 8] = Derbyshire : http://www.openstreetmap.org/relation/195384
Disambiguated Location [index 1 osmid (-62149L,) @ 12 : 12] = United Kingdom;GB;GBR : http://www.openstreetmap.org/relation/62149
Text = Hello, this is bill, your friendly neighbor
Text = Paris is a nice city
Location [index 334267 osmid (337692283L,) @ 0 : 0] = paris
Location [index 47731 osmid (986924508L,) @ 0 : 0] = paris
Location [index 569689 osmid (-1641193L,) @ 0 : 0] = paris
Location [index 705077 osmid (-130722L,) @ 0 : 0] = paris
Location [index 47730 osmid (17807753L,) @ 0 : 0] = paris
Location [index 709030 osmid (-126166L,) @ 0 : 0] = paris
Location [index 729908 osmid (-7444L,) @ 0 : 0] = paris
Location [index 724513 osmid (-71525L,) @ 0 : 0] = paris
Location [index 680521 osmid (-197171L,) @ 0 : 0] = paris
Location [index 700120 osmid (-140787L,) @ 0 : 0] = paris
Location [index 711409 osmid (-121447L,) @ 0 : 0] = paris
Text = Hello I am a pulse, it is friday morning
Text = DHstudents went to Venice.
Location [index 710925 osmid (-122953L,) @ 3 : 3] = venice
Location [index 153598 osmid (64778090L,) @ 3 : 3] = venice
Location [index 713516 osmid (-117980L,) @ 3 : 3] = venice
Disambiguated Location [index 0 osmid (-117980L,) @ 3 : 3] = Venice : http://www.openstreetmap.org/relation/117980
Text = DHstudents went to Yorkshire.
Location [index 690529 osmid (-175817L,) @ 3 : 3] = yorkshire
Location [index 685715 osmid (-183334L,) @ 3 : 3] = yorkshire
Location [index 679716 osmid (-206610L,) @ 3 : 3] = yorkshire
Disambiguated Location [index 0 osmid (-206610L,) @ 3 : 3] = Yorkshire : http://www.openstreetmap.org/relation/206610
Text = DHstudents went to Johannesburg.
Text = Ernst JUnger était écrivain allemand en 1998 #ErnstJUnger #écrivainallemand #JDG1998-02-21
Location [index 585405 osmid (-1259309L,) @ 0 : 0] = ernst
Location [index 97190 osmid (240032265L,) @ 0 : 0] = ernst
Text = Jean Rouaud était écrivain en 1998 #JeanRouaud #écrivain #JDG1998-02-21
Text = Madeleine Santschi était écrivain suisse en 1998 #MadeleineSantschi #écrivainsuisse #JDG1998-02-26
Location [index 42632 osmid (371857543L,) @ 0 : 0] = madeleine
Location [index 497646 osmid (-2188826L,) @ 0 : 0] = madeleine
Location [index 547419 osmid (-1952526L,) @ 4 : 4] = suisse
Location [index 57451 osmid (287938469L,) @ 4 : 4] = suisse
Text = La Suisse est un pays formidable
Location [index 678921 osmid (-224922L,) @ 0 : 0] = la
Location [index 484103 osmid (-2390839L,) @ 0 : 0] = la
Location [index 466657 osmid (-2730302L,) @ 2 : 2] = est
Location [index 465936 osmid (-2750738L,) @ 2 : 2] = est
Location [index 720761 osmid (-79510L,) @ 2 : 2] = est
Location [index 595300 osmid (-1143562L,) @ 2 : 2] = est
Disambiguated Location [index 0 osmid (-224922L,) @ 0 : 0] = Louisiana;LA : http://www.openstreetmap.org/relation/224922
Text = La suisse est un pays formidable
Location [index 678921 osmid (-224922L,) @ 0 : 0] = la
Location [index 484103 osmid (-2390839L,) @ 0 : 0] = la
Location [index 466657 osmid (-2730302L,) @ 2 : 2] = est
Location [index 465936 osmid (-2750738L,) @ 2 : 2] = est
Location [index 720761 osmid (-79510L,) @ 2 : 2] = est
Location [index 595300 osmid (-1143562L,) @ 2 : 2] = est
Disambiguated Location [index 0 osmid (-224922L,) @ 0 : 0] = Louisiana;LA : http://www.openstreetmap.org/relation/224922
Text = Rapsi was mentionned living in Roma
Location [index 558551 osmid (-1783607L,) @ 5 : 5] = roma
Location [index 149540 osmid (72959652L,) @ 5 : 5] = roma
Location [index 734465 osmid (-41313L,) @ 5 : 5] = roma
Location [index 161307 osmid (434531430L,) @ 5 : 5] = roma
Location [index 760939 osmid (194653137L,) @ 5 : 5] = roma
Location [index 714504 osmid (-115420L,) @ 5 : 5] = roma
Location [index 161306 osmid (434531640L,) @ 5 : 5] = roma
Location [index 734242 osmid (-41485L,) @ 5 : 5] = roma
Location [index 72844 osmid (427089646L,) @ 5 : 5] = roma
Location [index 326486 osmid (385056116L,) @ 5 : 5] = roma
Text = At Geneva lives great People
Location [index 701543 osmid (-137585L,) @ 1 : 1] = geneva
Location [index 706947 osmid (-128721L,) @ 1 : 1] = geneva
Location [index 709426 osmid (-125800L,) @ 1 : 1] = geneva
Location [index 553723 osmid (-1848777L,) @ 1 : 1] = geneva
Location [index 682336 osmid (-189187L,) @ 1 : 1] = geneva
Location [index 692500 osmid (-169492L,) @ 1 : 1] = geneva
Location [index 712600 osmid (-119650L,) @ 1 : 1] = geneva
Location [index 690298 osmid (-176059L,) @ 1 : 1] = geneva
Location [index 678449 osmid (-237584L,) @ 1 : 1] = geneva
Location [index 707667 osmid (-127759L,) @ 1 : 1] = geneva
Location [index 685952 osmid (-182836L,) @ 1 : 1] = geneva
Location [index 562825 osmid (-1702419L,) @ 1 : 1] = geneva
Location [index 155713 osmid (33622904L,) @ 1 : 1] = geneva
Text = Sofia is the capital of Bulgary
Location [index 330342 osmid (277635079L,) @ 0 : 0] = sofia
Location [index 371054 osmid (1700083447L,) @ 0 : 0] = sofia
Location [index 752113 osmid (89215271L,) @ 0 : 0] = sofia
Location [index 330343 osmid (283556310L,) @ 0 : 0] = sofia
Text = Athena is close to the Adriatic sea
Text = Ancona is close to the Adriatic sea
Location [index 726794 osmid (-53059L,) @ 0 : 0] = ancona
Location [index 137632 osmid (70978800L,) @ 0 : 0] = ancona
Location [index 733084 osmid (-42499L,) @ 0 : 0] = ancona
Text = Sion is a city in Valais
Location [index 635211 osmid (-393189L,) @ 0 : 0] = sion
Location [index 450756 osmid (-2957982L,) @ 0 : 0] = sion
Location [index 465357 osmid (-2757528L,) @ 0 : 0] = sion
Location [index 430694 osmid (-3408951L,) @ 0 : 0] = sion
Location [index 564380 osmid (-1686710L,) @ 0 : 0] = sion
Location [index 574189 osmid (-1520240L,) @ 0 : 0] = sion
Location [index 57008 osmid (1705476041L,) @ 0 : 0] = sion
Location [index 58966 osmid (1298562224L,) @ 5 : 5] = valais
Text = I would like to recolt some signature for apocalypse
Text = 13 ways of going to Bern
Location [index 154760 osmid (18477455L,) @ 5 : 5] = bern
Location [index 571932 osmid (-1579083L,) @ 5 : 5] = bern
Location [index 564456 osmid (-1686344L,) @ 5 : 5] = bern
Location [index 567287 osmid (-1682378L,) @ 5 : 5] = bern
Location [index 705580 osmid (-130171L,) @ 5 : 5] = bern
Text = London is the capital citiy for britannic people
Location [index 686304 osmid (-182481L,) @ 0 : 0] = london
Location [index 725046 osmid (-65606L,) @ 0 : 0] = london
Location [index 292452 osmid (2407371105L,) @ 0 : 0] = london
Location [index 705208 osmid (-130591L,) @ 0 : 0] = london
Location [index 760648 osmid (190670018L,) @ 0 : 0] = london
Location [index 761106 osmid (197443325L,) @ 0 : 0] = london
Location [index 762288 osmid (215476415L,) @ 0 : 0] = london
Location [index 10878 osmid (107775L,) @ 0 : 0] = london
Location [index 760448 osmid (187715845L,) @ 0 : 0] = london
Location [index 760993 osmid (195600331L,) @ 0 : 0] = london
Location [index 760631 osmid (190360785L,) @ 0 : 0] = london
Location [index 761107 osmid (197447731L,) @ 0 : 0] = london
Location [index 761254 osmid (199742767L,) @ 0 : 0] = london
Disambiguated Location [index 0 osmid (-65606L,) @ 0 : 0] = London : http://www.openstreetmap.org/relation/65606
Text = Paris, France, is a nice city
Location [index 334267 osmid (337692283L,) @ 0 : 0] = paris
Location [index 47731 osmid (986924508L,) @ 0 : 0] = paris
Location [index 569689 osmid (-1641193L,) @ 0 : 0] = paris
Location [index 705077 osmid (-130722L,) @ 0 : 0] = paris
Location [index 47730 osmid (17807753L,) @ 0 : 0] = paris
Location [index 709030 osmid (-126166L,) @ 0 : 0] = paris
Location [index 729908 osmid (-7444L,) @ 0 : 0] = paris
Location [index 724513 osmid (-71525L,) @ 0 : 0] = paris
Location [index 680521 osmid (-197171L,) @ 0 : 0] = paris
Location [index 700120 osmid (-140787L,) @ 0 : 0] = paris
Location [index 711409 osmid (-121447L,) @ 0 : 0] = paris
Location [index 32685 osmid (1363947712L,) @ 2 : 2] = france
Location [index 765988 osmid (237185855L,) @ 2 : 2] = france
Location [index 489175 osmid (-2310198L,) @ 2 : 2] = france
Location [index 760346 osmid (185998449L,) @ 2 : 2] = france
Location [index 496305 osmid (-2202162L,) @ 2 : 2] = france
Location [index 581802 osmid (-1403916L,) @ 2 : 2] = france
Text = Nice is a boarding city of meditteranean sea
Text = Rome has many colliseum
Location [index 85586 osmid (43858202L,) @ 0 : 0] = rome
Location [index 682814 osmid (-188544L,) @ 0 : 0] = rome
Location [index 686068 osmid (-182730L,) @ 0 : 0] = rome
Location [index 706600 osmid (-129065L,) @ 0 : 0] = rome
Location [index 676131 osmid (-252029L,) @ 0 : 0] = rome
Location [index 149540 osmid (72959652L,) @ 0 : 0] = rome
Location [index 712880 osmid (-119515L,) @ 0 : 0] = rome
Location [index 690526 osmid (-175815L,) @ 0 : 0] = rome
Disambiguated Location [index 0 osmid (-175815L,) @ 0 : 0] = Rome : http://www.openstreetmap.org/relation/175815
Text = Extreme perturbation are at Padua
Location [index 730307 osmid (-44836L,) @ 4 : 4] = padua
Location [index 753305 osmid (105897539L,) @ 4 : 4] = padua
Location [index 147189 osmid (406747508L,) @ 4 : 4] = padua
Text = Reykjavik holds the summer festival
Location [index 476896 osmid (-2580605L,) @ 0 : 0] = reykjavik
Text = Some people lives in Amsterdam
Location [index 699449 osmid (-141705L,) @ 4 : 4] = amsterdam
Location [index 674854 osmid (-271110L,) @ 4 : 4] = amsterdam
Location [index 727406 osmid (-47811L,) @ 4 : 4] = amsterdam
Location [index 82871 osmid (268396336L,) @ 4 : 4] = amsterdam
Location [index 685541 osmid (-183452L,) @ 4 : 4] = amsterdam
Disambiguated Location [index 0 osmid (-183452L,) @ 4 : 4] = Amsterdam : http://www.openstreetmap.org/relation/183452
Text = I would like to go to Bremes
Text = Dresden is located north of Germany
Location [index 686334 osmid (-182449L,) @ 0 : 0] = dresden
Location [index 680479 osmid (-197222L,) @ 0 : 0] = dresden
Location [index 705691 osmid (-130085L,) @ 0 : 0] = dresden
Location [index 690505 osmid (-175837L,) @ 0 : 0] = dresden
Location [index 95302 osmid (240076989L,) @ 0 : 0] = dresden
Location [index 681962 osmid (-191645L,) @ 0 : 0] = dresden
Location [index 727108 osmid (-51477L,) @ 5 : 5] = germany
Location [index 94377 osmid (1683325355L,) @ 5 : 5] = germany
Text = Pesaro (http://it.wikipedia.org/wiki/Pesaro) is present in book 'Piety and patronage in Renaissance Venice : Bellini, Titian and the Franciscans' by Goffen, Rona at page 3.
Location [index 732834 osmid (-42672L,) @ 0 : 0] = pesaro
Location [index 147599 osmid (266513166L,) @ 0 : 0] = pesaro
Location [index 50205 osmid (1866125148L,) @ 10 : 10] = renaissance
Location [index 710925 osmid (-122953L,) @ 11 : 11] = venice
Location [index 153598 osmid (64778090L,) @ 11 : 11] = venice
Location [index 713516 osmid (-117980L,) @ 11 : 11] = venice
Location [index 157385 osmid (208794439L,) @ 22 : 22] = rona
Location [index 326519 osmid (463184453L,) @ 22 : 22] = rona
Location [index 14758 osmid (253433264L,) @ 22 : 22] = rona
Disambiguated Location [index 0 osmid (-117980L,) @ 11 : 11] = Venice : http://www.openstreetmap.org/relation/117980
Disambiguated Location [index 2 osmid (253433264L,) @ 22 : 22] = Rona : http://www.openstreetmap.org/node/253433264
